<?xml version="1.0" encoding="UTF-8"?>
<testng-results ignored="0" total="1" passed="1" failed="0" skipped="0">
  <reporter-output>
  </reporter-output>
  <suite started-at="2022-02-15T19:45:31 IST" name="Default suite" finished-at="2022-02-15T19:45:42 IST" duration-ms="11104">
    <groups>
    </groups>
    <test started-at="2022-02-15T19:45:31 IST" name="Default test" finished-at="2022-02-15T19:45:42 IST" duration-ms="11104">
      <class name="AutomationPackage.ChetanaTest">
        <test-method signature="login()[pri:0, instance:AutomationPackage.ChetanaTest@acdb094]" started-at="2022-02-15T19:45:31 IST" name="login" finished-at="2022-02-15T19:45:42 IST" duration-ms="11074" status="PASS">
          <reporter-output>
          </reporter-output>
        </test-method> <!-- login -->
      </class> <!-- AutomationPackage.ChetanaTest -->
    </test> <!-- Default test -->
  </suite> <!-- Default suite -->
</testng-results>
